This is pdfTeX, Version 3.141592653-2.6-1.40.25 (TeX Live 2023) (preloaded format=pdflatex 2023.10.2)  7 OCT 2023 20:27
entering extended mode
 restricted \write18 enabled.
 %&-line parsing enabled.
**ZZSC9020_Group_Report.tex
(./ZZSC9020_Group_Report.tex
LaTeX2e <2023-06-01> patch level 1
L3 programming layer <2023-08-29>
(./unswthesis.cls
Document Class: unswthesis 1999/11/10  v2.42  UNSW thesis class
(c:/Users/Pam/AppData/Roaming/TinyTeX/texmf-dist/tex/latex/base/report.cls
Document Class: report 2023/05/17 v1.4n Standard LaTeX document class
(c:/Users/Pam/AppData/Roaming/TinyTeX/texmf-dist/tex/latex/base/size12.clo
File: size12.clo 2023/05/17 v1.4n Standard LaTeX file (size option)
)
\c@part=\count185
\c@chapter=\count186
\c@section=\count187
\c@subsection=\count188
\c@subsubsection=\count189
\c@paragraph=\count190
\c@subparagraph=\count191
\c@figure=\count192
\c@table=\count193
\abovecaptionskip=\skip48
\belowcaptionskip=\skip49
\bibindent=\dimen140
)
\chaprule=\skip50
\ATchapskip=\skip51
\@chapwidth=\skip52
) (./header.tex (c:/Users/Pam/AppData/Roaming/TinyTeX/texmf-dist/tex/latex/amsfonts/amsfonts.sty
Package: amsfonts 2013/01/14 v3.01 Basic AMSFonts support
\@emptytoks=\toks17
\symAMSa=\mathgroup4
\symAMSb=\mathgroup5
LaTeX Font Info:    Redeclaring math symbol \hbar on input line 98.
LaTeX Font Info:    Overwriting math alphabet `\mathfrak' in version `bold'
(Font)                  U/euf/m/n --> U/euf/b/n on input line 106.
) (c:/Users/Pam/AppData/Roaming/TinyTeX/texmf-dist/tex/latex/amsfonts/amssymb.sty
Package: amssymb 2013/01/14 v3.01 AMS font symbols
) (c:/Users/Pam/AppData/Roaming/TinyTeX/texmf-dist/tex/latex/amscls/amsthm.sty
Package: amsthm 2020/05/29 v2.20.6
\thm@style=\toks18
\thm@bodyfont=\toks19
\thm@headfont=\toks20
\thm@notefont=\toks21
\thm@headpunct=\toks22
\thm@preskip=\skip53
\thm@postskip=\skip54
\thm@headsep=\skip55
\dth@everypar=\toks23
) (c:/Users/Pam/AppData/Roaming/TinyTeX/texmf-dist/tex/latex/base/latexsym.sty
Package: latexsym 1998/08/17 v2.2e Standard LaTeX package (lasy symbols)
\symlasy=\mathgroup6
LaTeX Font Info:    Overwriting symbol font `lasy' in version `bold'
(Font)                  U/lasy/m/n --> U/lasy/b/n on input line 52.
) (c:/Users/Pam/AppData/Roaming/TinyTeX/texmf-dist/tex/latex/amsmath/amsmath.sty
Package: amsmath 2023/05/13 v2.17o AMS math features
\@mathmargin=\skip56
For additional information on amsmath, use the `?' option.
(c:/Users/Pam/AppData/Roaming/TinyTeX/texmf-dist/tex/latex/amsmath/amstext.sty
Package: amstext 2021/08/26 v2.01 AMS text
(c:/Users/Pam/AppData/Roaming/TinyTeX/texmf-dist/tex/latex/amsmath/amsgen.sty
File: amsgen.sty 1999/11/30 v2.0 generic functions
\@emptytoks=\toks24
\ex@=\dimen141
)) (c:/Users/Pam/AppData/Roaming/TinyTeX/texmf-dist/tex/latex/amsmath/amsbsy.sty
Package: amsbsy 1999/11/29 v1.2d Bold Symbols
\pmbraise@=\dimen142
) (c:/Users/Pam/AppData/Roaming/TinyTeX/texmf-dist/tex/latex/amsmath/amsopn.sty
Package: amsopn 2022/04/08 v2.04 operator names
)
\inf@bad=\count194
LaTeX Info: Redefining \frac on input line 234.
\uproot@=\count195
\leftroot@=\count196
LaTeX Info: Redefining \overline on input line 399.
LaTeX Info: Redefining \colon on input line 410.
\classnum@=\count197
\DOTSCASE@=\count198
LaTeX Info: Redefining \ldots on input line 496.
LaTeX Info: Redefining \dots on input line 499.
LaTeX Info: Redefining \cdots on input line 620.
\Mathstrutbox@=\box51
\strutbox@=\box52
LaTeX Info: Redefining \big on input line 722.
LaTeX Info: Redefining \Big on input line 723.
LaTeX Info: Redefining \bigg on input line 724.
LaTeX Info: Redefining \Bigg on input line 725.
\big@size=\dimen143
LaTeX Font Info:    Redeclaring font encoding OML on input line 743.
LaTeX Font Info:    Redeclaring font encoding OMS on input line 744.
\macc@depth=\count199
LaTeX Info: Redefining \bmod on input line 905.
LaTeX Info: Redefining \pmod on input line 910.
LaTeX Info: Redefining \smash on input line 940.
LaTeX Info: Redefining \relbar on input line 970.
LaTeX Info: Redefining \Relbar on input line 971.
\c@MaxMatrixCols=\count266
\dotsspace@=\muskip16
\c@parentequation=\count267
\dspbrk@lvl=\count268
\tag@help=\toks25
\row@=\count269
\column@=\count270
\maxfields@=\count271
\andhelp@=\toks26
\eqnshift@=\dimen144
\alignsep@=\dimen145
\tagshift@=\dimen146
\tagwidth@=\dimen147
\totwidth@=\dimen148
\lineht@=\dimen149
\@envbody=\toks27
\multlinegap=\skip57
\multlinetaggap=\skip58
\mathdisplay@stack=\toks28
LaTeX Info: Redefining \[ on input line 2953.
LaTeX Info: Redefining \] on input line 2954.
) (c:/Users/Pam/AppData/Roaming/TinyTeX/texmf-dist/tex/latex/graphics/graphicx.sty
Package: graphicx 2021/09/16 v1.2d Enhanced LaTeX Graphics (DPC,SPQR)
(c:/Users/Pam/AppData/Roaming/TinyTeX/texmf-dist/tex/latex/graphics/keyval.sty
Package: keyval 2022/05/29 v1.15 key=value parser (DPC)
\KV@toks@=\toks29
) (c:/Users/Pam/AppData/Roaming/TinyTeX/texmf-dist/tex/latex/graphics/graphics.sty
Package: graphics 2022/03/10 v1.4e Standard LaTeX Graphics (DPC,SPQR)
(c:/Users/Pam/AppData/Roaming/TinyTeX/texmf-dist/tex/latex/graphics/trig.sty
Package: trig 2021/08/11 v1.11 sin cos tan (DPC)
) (c:/Users/Pam/AppData/Roaming/TinyTeX/texmf-dist/tex/latex/graphics-cfg/graphics.cfg
File: graphics.cfg 2016/06/04 v1.11 sample graphics configuration
)
Package graphics Info: Driver file: pdftex.def on input line 107.
(c:/Users/Pam/AppData/Roaming/TinyTeX/texmf-dist/tex/latex/graphics-def/pdftex.def
File: pdftex.def 2022/09/22 v1.2b Graphics/color driver for pdftex
))
\Gin@req@height=\dimen150
\Gin@req@width=\dimen151
) (c:/Users/Pam/AppData/Roaming/TinyTeX/texmf-dist/tex/latex/tools/afterpage.sty
Package: afterpage 2014/10/28 v1.08 After-Page Package (DPC)
\AP@output=\toks30
\AP@partial=\box53
\AP@footins=\box54
) (c:/Users/Pam/AppData/Roaming/TinyTeX/texmf-dist/tex/latex/hyperref/hyperref.sty
Package: hyperref 2023-07-08 v7.01b Hypertext links for LaTeX
(c:/Users/Pam/AppData/Roaming/TinyTeX/texmf-dist/tex/generic/ltxcmds/ltxcmds.sty
Package: ltxcmds 2020-05-10 v1.25 LaTeX kernel commands for general use (HO)
) (c:/Users/Pam/AppData/Roaming/TinyTeX/texmf-dist/tex/generic/iftex/iftex.sty
Package: iftex 2022/02/03 v1.0f TeX engine tests
) (c:/Users/Pam/AppData/Roaming/TinyTeX/texmf-dist/tex/generic/pdftexcmds/pdftexcmds.sty
Package: pdftexcmds 2020-06-27 v0.33 Utility functions of pdfTeX for LuaTeX (HO)
(c:/Users/Pam/AppData/Roaming/TinyTeX/texmf-dist/tex/generic/infwarerr/infwarerr.sty
Package: infwarerr 2019/12/03 v1.5 Providing info/warning/error messages (HO)
)
Package pdftexcmds Info: \pdf@primitive is available.
Package pdftexcmds Info: \pdf@ifprimitive is available.
Package pdftexcmds Info: \pdfdraftmode found.
) (c:/Users/Pam/AppData/Roaming/TinyTeX/texmf-dist/tex/latex/kvsetkeys/kvsetkeys.sty
Package: kvsetkeys 2022-10-05 v1.19 Key value parser (HO)
) (c:/Users/Pam/AppData/Roaming/TinyTeX/texmf-dist/tex/generic/kvdefinekeys/kvdefinekeys.sty
Package: kvdefinekeys 2019-12-19 v1.6 Define keys (HO)
) (c:/Users/Pam/AppData/Roaming/TinyTeX/texmf-dist/tex/generic/pdfescape/pdfescape.sty
Package: pdfescape 2019/12/09 v1.15 Implements pdfTeX's escape features (HO)
) (c:/Users/Pam/AppData/Roaming/TinyTeX/texmf-dist/tex/latex/hycolor/hycolor.sty
Package: hycolor 2020-01-27 v1.10 Color options for hyperref/bookmark (HO)
) (c:/Users/Pam/AppData/Roaming/TinyTeX/texmf-dist/tex/latex/letltxmacro/letltxmacro.sty
Package: letltxmacro 2019/12/03 v1.6 Let assignment for LaTeX macros (HO)
) (c:/Users/Pam/AppData/Roaming/TinyTeX/texmf-dist/tex/latex/auxhook/auxhook.sty
Package: auxhook 2019-12-17 v1.6 Hooks for auxiliary files (HO)
) (c:/Users/Pam/AppData/Roaming/TinyTeX/texmf-dist/tex/latex/hyperref/nameref.sty
Package: nameref 2023-08-07 v2.53 Cross-referencing by name of section
(c:/Users/Pam/AppData/Roaming/TinyTeX/texmf-dist/tex/latex/refcount/refcount.sty
Package: refcount 2019/12/15 v3.6 Data extraction from label references (HO)
) (c:/Users/Pam/AppData/Roaming/TinyTeX/texmf-dist/tex/generic/gettitlestring/gettitlestring.sty
Package: gettitlestring 2019/12/15 v1.6 Cleanup title references (HO)
(c:/Users/Pam/AppData/Roaming/TinyTeX/texmf-dist/tex/latex/kvoptions/kvoptions.sty
Package: kvoptions 2022-06-15 v3.15 Key value format for package options (HO)
))
\c@section@level=\count272
) (c:/Users/Pam/AppData/Roaming/TinyTeX/texmf-dist/tex/latex/etoolbox/etoolbox.sty
Package: etoolbox 2020/10/05 v2.5k e-TeX tools for LaTeX (JAW)
\etb@tempcnta=\count273
)
\@linkdim=\dimen152
\Hy@linkcounter=\count274
\Hy@pagecounter=\count275
(c:/Users/Pam/AppData/Roaming/TinyTeX/texmf-dist/tex/latex/hyperref/pd1enc.def
File: pd1enc.def 2023-07-08 v7.01b Hyperref: PDFDocEncoding definition (HO)
Now handling font encoding PD1 ...
... no UTF-8 mapping file for font encoding PD1
) (c:/Users/Pam/AppData/Roaming/TinyTeX/texmf-dist/tex/generic/intcalc/intcalc.sty
Package: intcalc 2019/12/15 v1.3 Expandable calculations with integers (HO)
)
\Hy@SavedSpaceFactor=\count276
(c:/Users/Pam/AppData/Roaming/TinyTeX/texmf-dist/tex/latex/hyperref/puenc.def
File: puenc.def 2023-07-08 v7.01b Hyperref: PDF Unicode definition (HO)
Now handling font encoding PU ...
... no UTF-8 mapping file for font encoding PU
)
Package hyperref Info: Option `colorlinks' set `true' on input line 4050.
Package hyperref Info: Hyper figures OFF on input line 4167.
Package hyperref Info: Link nesting OFF on input line 4172.
Package hyperref Info: Hyper index ON on input line 4175.
Package hyperref Info: Plain pages OFF on input line 4182.
Package hyperref Info: Backreferencing OFF on input line 4187.
Package hyperref Info: Implicit mode ON; LaTeX internals redefined.
Package hyperref Info: Bookmarks ON on input line 4434.
\c@Hy@tempcnt=\count277
(c:/Users/Pam/AppData/Roaming/TinyTeX/texmf-dist/tex/latex/url/url.sty
\Urlmuskip=\muskip17
Package: url 2013/09/16  ver 3.4  Verb mode for urls, etc.
)
LaTeX Info: Redefining \url on input line 4772.
\XeTeXLinkMargin=\dimen153
(c:/Users/Pam/AppData/Roaming/TinyTeX/texmf-dist/tex/generic/bitset/bitset.sty
Package: bitset 2019/12/09 v1.3 Handle bit-vector datatype (HO)
(c:/Users/Pam/AppData/Roaming/TinyTeX/texmf-dist/tex/generic/bigintcalc/bigintcalc.sty
Package: bigintcalc 2019/12/15 v1.5 Expandable calculations on big integers (HO)
))
\Fld@menulength=\count278
\Field@Width=\dimen154
\Fld@charsize=\dimen155
Package hyperref Info: Hyper figures OFF on input line 6051.
Package hyperref Info: Link nesting OFF on input line 6056.
Package hyperref Info: Hyper index ON on input line 6059.
Package hyperref Info: backreferencing OFF on input line 6066.
Package hyperref Info: Link coloring ON on input line 6069.
Package hyperref Info: Link coloring with OCG OFF on input line 6076.
Package hyperref Info: PDF/A mode OFF on input line 6081.
(c:/Users/Pam/AppData/Roaming/TinyTeX/texmf-dist/tex/latex/base/atbegshi-ltx.sty
Package: atbegshi-ltx 2021/01/10 v1.0c Emulation of the original atbegshi
package with kernel methods
)
\Hy@abspage=\count279
\c@Item=\count280
\c@Hfootnote=\count281
)
Package hyperref Info: Driver (autodetected): hpdftex.
(c:/Users/Pam/AppData/Roaming/TinyTeX/texmf-dist/tex/latex/hyperref/hpdftex.def
File: hpdftex.def 2023-07-08 v7.01b Hyperref driver for pdfTeX
(c:/Users/Pam/AppData/Roaming/TinyTeX/texmf-dist/tex/latex/base/atveryend-ltx.sty
Package: atveryend-ltx 2020/08/19 v1.0a Emulation of the original atveryend package
with kernel methods
)
\Fld@listcount=\count282
\c@bookmark@seq@number=\count283
(c:/Users/Pam/AppData/Roaming/TinyTeX/texmf-dist/tex/latex/rerunfilecheck/rerunfilecheck.sty
Package: rerunfilecheck 2022-07-10 v1.10 Rerun checks for auxiliary files (HO)
(c:/Users/Pam/AppData/Roaming/TinyTeX/texmf-dist/tex/generic/uniquecounter/uniquecounter.sty
Package: uniquecounter 2019/12/15 v1.4 Provide unlimited unique counter (HO)
)
Package uniquecounter Info: New unique counter `rerunfilecheck' on input line 285.
)
\Hy@SectionHShift=\skip59
)
Package hyperref Info: Option `colorlinks' set `true' on input line 37.
(c:/Users/Pam/AppData/Roaming/TinyTeX/texmf-dist/tex/latex/base/textcomp.sty
Package: textcomp 2020/02/02 v2.0n Standard LaTeX package
) (c:/Users/Pam/AppData/Roaming/TinyTeX/texmf-dist/tex/latex/tools/longtable.sty
Package: longtable 2021-09-01 v4.17 Multi-page Table package (DPC)
\LTleft=\skip60
\LTright=\skip61
\LTpre=\skip62
\LTpost=\skip63
\LTchunksize=\count284
\LTcapwidth=\dimen156
\LT@head=\box55
\LT@firsthead=\box56
\LT@foot=\box57
\LT@lastfoot=\box58
\LT@gbox=\box59
\LT@cols=\count285
\LT@rows=\count286
\c@LT@tables=\count287
\c@LT@chunks=\count288
\LT@p@ftn=\toks31
) (c:/Users/Pam/AppData/Roaming/TinyTeX/texmf-dist/tex/latex/booktabs/booktabs.sty
Package: booktabs 2020/01/12 v1.61803398 Publication quality tables
\heavyrulewidth=\dimen157
\lightrulewidth=\dimen158
\cmidrulewidth=\dimen159
\belowrulesep=\dimen160
\belowbottomsep=\dimen161
\aboverulesep=\dimen162
\abovetopsep=\dimen163
\cmidrulesep=\dimen164
\cmidrulekern=\dimen165
\defaultaddspace=\dimen166
\@cmidla=\count289
\@cmidlb=\count290
\@aboverulesep=\dimen167
\@belowrulesep=\dimen168
\@thisruleclass=\count291
\@lastruleclass=\count292
\@thisrulewidth=\dimen169
) (c:/Users/Pam/AppData/Roaming/TinyTeX/texmf-dist/tex/latex/float/float.sty
Package: float 2001/11/08 v1.3d Float enhancements (AL)
\c@float@type=\count293
\float@exts=\toks32
\float@box=\box60
\@float@everytoks=\toks33
\@floatcapt=\box61
) (c:/Users/Pam/AppData/Roaming/TinyTeX/texmf-dist/tex/latex/xurl/xurl.sty
Package: xurl 2022/01/09 v 0.10 modify URL breaks
)
\c@theorem=\count294
\cslhangindent=\skip64
\csllabelwidth=\skip65
(c:/Users/Pam/AppData/Roaming/TinyTeX/texmf-dist/tex/latex/tools/calc.sty
Package: calc 2017/05/25 v4.3 Infix arithmetic (KKT,FJ)
\calc@Acount=\count295
\calc@Bcount=\count296
\calc@Adimen=\dimen170
\calc@Bdimen=\dimen171
\calc@Askip=\skip66
\calc@Bskip=\skip67
LaTeX Info: Redefining \setlength on input line 80.
LaTeX Info: Redefining \addtolength on input line 81.
\calc@Ccount=\count297
\calc@Cskip=\skip68
)) (c:/Users/Pam/AppData/Roaming/TinyTeX/texmf-dist/tex/latex/l3backend/l3backend-pdftex.def
File: l3backend-pdftex.def 2023-04-19 L3 backend support: PDF output (pdfTeX)
\l__color_backend_stack_int=\count298
\l__pdf_internal_box=\box62
) (./ZZSC9020_Group_Report.aux

LaTeX Warning: Label `fig:plot-energy-demand-temperature-monthly' multiply defined.


LaTeX Warning: Label `fig:plot-demand-temperature-by-hour' multiply defined.

)
\openout1 = `ZZSC9020_Group_Report.aux'.

LaTeX Font Info:    Checking defaults for OML/cmm/m/it on input line 39.
LaTeX Font Info:    ... okay on input line 39.
LaTeX Font Info:    Checking defaults for OMS/cmsy/m/n on input line 39.
LaTeX Font Info:    ... okay on input line 39.
LaTeX Font Info:    Checking defaults for OT1/cmr/m/n on input line 39.
LaTeX Font Info:    ... okay on input line 39.
LaTeX Font Info:    Checking defaults for T1/cmr/m/n on input line 39.
LaTeX Font Info:    ... okay on input line 39.
LaTeX Font Info:    Checking defaults for TS1/cmr/m/n on input line 39.
LaTeX Font Info:    ... okay on input line 39.
LaTeX Font Info:    Checking defaults for OMX/cmex/m/n on input line 39.
LaTeX Font Info:    ... okay on input line 39.
LaTeX Font Info:    Checking defaults for U/cmr/m/n on input line 39.
LaTeX Font Info:    ... okay on input line 39.
LaTeX Font Info:    Checking defaults for PD1/pdf/m/n on input line 39.
LaTeX Font Info:    ... okay on input line 39.
LaTeX Font Info:    Checking defaults for PU/pdf/m/n on input line 39.
LaTeX Font Info:    ... okay on input line 39.
(c:/Users/Pam/AppData/Roaming/TinyTeX/texmf-dist/tex/latex/epstopdf-pkg/epstopdf-base.sty
Package: epstopdf-base 2020-01-24 v2.11 Base part for package epstopdf
Package epstopdf-base Info: Redefining graphics rule for `.eps' on input line 485.
(c:/Users/Pam/AppData/Roaming/TinyTeX/texmf-dist/tex/latex/latexconfig/epstopdf-sys.cfg
File: epstopdf-sys.cfg 2010/07/13 v1.3 Configuration of (r)epstopdf for TeX Live
)) (c:/Users/Pam/AppData/Roaming/TinyTeX/texmf-dist/tex/latex/graphics/color.sty
Package: color 2022/01/06 v1.3d Standard LaTeX Color (DPC)
(c:/Users/Pam/AppData/Roaming/TinyTeX/texmf-dist/tex/latex/graphics-cfg/color.cfg
File: color.cfg 2016/01/02 v1.6 sample color configuration
)
Package color Info: Driver file: pdftex.def on input line 149.
(c:/Users/Pam/AppData/Roaming/TinyTeX/texmf-dist/tex/latex/graphics/mathcolor.ltx))
Package hyperref Info: Link coloring ON on input line 39.
(./ZZSC9020_Group_Report.out) (./ZZSC9020_Group_Report.out)
\@outlinefile=\write3
\openout3 = `ZZSC9020_Group_Report.out'.

<unsw-logo.png, id=217, 331.2375pt x 140.525pt>
File: unsw-logo.png Graphic file (type png)
<use unsw-logo.png>
Package pdftex.def Info: unsw-logo.png  used on input line 41.
(pdftex.def)             Requested size: 142.26378pt x 60.3538pt.
[1

{c:/Users/Pam/AppData/Roaming/TinyTeX/texmf-var/fonts/map/pdftex/updmap/pdftex.map} <./unsw-logo.png>]
Underfull \hbox (badness 10000) in paragraph at lines 67--72

 []

[1

]
Underfull \hbox (badness 10000) in paragraph at lines 81--98

 []

[2

]
Underfull \hbox (badness 10000) in paragraph at lines 107--137

 []

[3

] [4] (./ZZSC9020_Group_Report.toc
LaTeX Font Info:    Trying to load font information for U+msa on input line 4.
(c:/Users/Pam/AppData/Roaming/TinyTeX/texmf-dist/tex/latex/amsfonts/umsa.fd
File: umsa.fd 2013/01/14 v3.01 AMS symbols A
)
LaTeX Font Info:    Trying to load font information for U+msb on input line 4.
(c:/Users/Pam/AppData/Roaming/TinyTeX/texmf-dist/tex/latex/amsfonts/umsb.fd
File: umsb.fd 2013/01/14 v3.01 AMS symbols B
)
LaTeX Font Info:    Trying to load font information for U+lasy on input line 4.
(c:/Users/Pam/AppData/Roaming/TinyTeX/texmf-dist/tex/latex/base/ulasy.fd
File: ulasy.fd 1998/08/17 v2.2e LaTeX symbol font definitions
) [5

])
\tf@toc=\write4
\openout4 = `ZZSC9020_Group_Report.toc'.

[6]
Chapter 1.

pdfTeX warning (ext4): destination with the same identifier (name{page.1}) has been already used, duplicate ignored
<to be read again> 
                   \relax 
l.214 
       [1

]
Overfull \hbox (5.708pt too wide) in paragraph at lines 250--255
[]\OT1/cmr/m/n/12 Two com-mon ap-proaches to fore-cast-ing en-ergy de-mand are top-down and bottom-
 []

[2]
Chapter 2.

Overfull \hbox (1.68723pt too wide) in paragraph at lines 286--297
[]\OT1/cmr/m/n/12 In his pa-per (Gra-ham Zabel (2009)), Gra-ham Zabel ex-am-ines the sum-of-energies
 []

[3

]
Overfull \hbox (0.24565pt too wide) in paragraph at lines 371--380
[]\OT1/cmr/m/n/12 Recently the gov-ern-ment of NSW in-tro-duced a en-ergy ef-fi-cient pro-gram it started
 []

[4] [5]
Chapter 3.
[6

] [7] [8] [9] [10] [11]
Chapter 4.
<ZZSC9020_Group_Report_files/figure-latex/plot-density-curve-energy-demand-1.pdf, id=408, 578.16pt x 289.08pt>
File: ZZSC9020_Group_Report_files/figure-latex/plot-density-curve-energy-demand-1.pdf Graphic file (type pdf)
<use ZZSC9020_Group_Report_files/figure-latex/plot-density-curve-energy-demand-1.pdf>
Package pdftex.def Info: ZZSC9020_Group_Report_files/figure-latex/plot-density-curve-energy-demand-1.pdf  used on input line 771.
(pdftex.def)             Requested size: 423.94588pt x 211.9706pt.
<ZZSC9020_Group_Report_files/figure-latex/plot-temp-distribution-3.pdf, id=410, 578.16pt x 289.08pt>
File: ZZSC9020_Group_Report_files/figure-latex/plot-temp-distribution-3.pdf Graphic file (type pdf)
<use ZZSC9020_Group_Report_files/figure-latex/plot-temp-distribution-3.pdf>
Package pdftex.def Info: ZZSC9020_Group_Report_files/figure-latex/plot-temp-distribution-3.pdf  used on input line 789.
(pdftex.def)             Requested size: 423.94588pt x 211.9706pt.
[12


pdfTeX warning (ext4): destination with the same identifier (name{figure.4.1}) has been already used, duplicate ignored
<argument> ...shipout:D \box_use:N \l_shipout_box 
                                                  \__shipout_drop_firstpage_...
l.791 
       <./ZZSC9020_Group_Report_files/figure-latex/plot-density-curve-energy-demand-1.pdf>]
Overfull \hbox (57.70436pt too wide) in paragraph at lines 815--815
[]\OT1/cmtt/m/n/12 ## array([<Axes: xlabel='DATETIME'>, <Axes: xlabel='DATETIME'>], dtype=object)[] 
 []

<ZZSC9020_Group_Report_files/figure-latex/plot-energy-demand-temperature-by-year-5.pdf, id=461, 469.755pt x 325.215pt>
File: ZZSC9020_Group_Report_files/figure-latex/plot-energy-demand-temperature-by-year-5.pdf Graphic file (type pdf)
<use ZZSC9020_Group_Report_files/figure-latex/plot-energy-demand-temperature-by-year-5.pdf>
Package pdftex.def Info: ZZSC9020_Group_Report_files/figure-latex/plot-energy-demand-temperature-by-year-5.pdf  used on input line 818.
(pdftex.def)             Requested size: 423.94588pt x 293.49966pt.
[13
pdfTeX warning (ext4): destination with the same identifier (name{figure.4.2}) has been already used, duplicate ignored
<argument> ...shipout:D \box_use:N \l_shipout_box 
                                                  \__shipout_drop_firstpage_...
l.820 
       <./ZZSC9020_Group_Report_files/figure-latex/plot-temp-distribution-3.pdf>]
<images/demand_dependency_on_temp.png, id=511, 515.2851pt x 284.0211pt>
File: images/demand_dependency_on_temp.png Graphic file (type png)
<use images/demand_dependency_on_temp.png>
Package pdftex.def Info: images/demand_dependency_on_temp.png  used on input line 837.
(pdftex.def)             Requested size: 423.94588pt x 233.67456pt.
[14
pdfTeX warning (ext4): destination with the same identifier (name{figure.4.3}) has been already used, duplicate ignored
<argument> ...shipout:D \box_use:N \l_shipout_box 
                                                  \__shipout_drop_firstpage_...
l.839 
       <./ZZSC9020_Group_Report_files/figure-latex/plot-energy-demand-temperature-by-year-5.pdf>]
<ZZSC9020_Group_Report_files/figure-latex/plot-energy-demand-yearly-trend-1.pdf, id=559, 722.7pt x 289.08pt>
File: ZZSC9020_Group_Report_files/figure-latex/plot-energy-demand-yearly-trend-1.pdf Graphic file (type pdf)
<use ZZSC9020_Group_Report_files/figure-latex/plot-energy-demand-yearly-trend-1.pdf>
Package pdftex.def Info: ZZSC9020_Group_Report_files/figure-latex/plot-energy-demand-yearly-trend-1.pdf  used on input line 861.
(pdftex.def)             Requested size: 423.94588pt x 169.57648pt.
[15
pdfTeX warning (ext4): destination with the same identifier (name{figure.4.4}) has been already used, duplicate ignored
<argument> ...shipout:D \box_use:N \l_shipout_box 
                                                  \__shipout_drop_firstpage_...
l.872 
      
pdfTeX warning (ext4): destination with the same identifier (name{figure.4.5}) has been already used, duplicate ignored
<argument> ...shipout:D \box_use:N \l_shipout_box 
                                                  \__shipout_drop_firstpage_...
l.872 
       <./images/demand_dependency_on_temp.png> <./ZZSC9020_Group_Report_files/figure-latex/plot-energy-demand-yearly-trend-1.pdf>]
<ZZSC9020_Group_Report_files/figure-latex/plot-energy-demand-temperature-monthly-3.pdf, id=601, 578.16pt x 216.81pt>
File: ZZSC9020_Group_Report_files/figure-latex/plot-energy-demand-temperature-monthly-3.pdf Graphic file (type pdf)
<use ZZSC9020_Group_Report_files/figure-latex/plot-energy-demand-temperature-monthly-3.pdf>
Package pdftex.def Info: ZZSC9020_Group_Report_files/figure-latex/plot-energy-demand-temperature-monthly-3.pdf  used on input line 877.
(pdftex.def)             Requested size: 423.94588pt x 158.97794pt.
<ZZSC9020_Group_Report_files/figure-latex/plot-energy-demand-temperature-monthly-4.pdf, id=602, 578.16pt x 216.81pt>
File: ZZSC9020_Group_Report_files/figure-latex/plot-energy-demand-temperature-monthly-4.pdf Graphic file (type pdf)
<use ZZSC9020_Group_Report_files/figure-latex/plot-energy-demand-temperature-monthly-4.pdf>
Package pdftex.def Info: ZZSC9020_Group_Report_files/figure-latex/plot-energy-demand-temperature-monthly-4.pdf  used on input line 880.
(pdftex.def)             Requested size: 423.94588pt x 158.97794pt.

LaTeX Warning: Reference `plot-energy-demand-temperature-monthly' on page 16 undefined on input line 888.

[16
pdfTeX warning (ext4): destination with the same identifier (name{figure.4.6}) has been already used, duplicate ignored
<argument> ...shipout:D \box_use:N \l_shipout_box 
                                                  \__shipout_drop_firstpage_...
l.895 Y
       ear on year seasonal trend for the past twelve years from the year 2010
pdfTeX warning (ext4): destination with the same identifier (name{figure.4.7}) has been already used, duplicate ignored
<argument> ...shipout:D \box_use:N \l_shipout_box 
                                                  \__shipout_drop_firstpage_...
l.895 Y
       ear on year seasonal trend for the past twelve years from the year 2010 <./ZZSC9020_Group_Report_files/figure-latex/plot-energy-demand-temperature-monthly-3.pdf> <./ZZSC9020_Group_Report_files/figure-latex/plot-energy-demand-temperature-monthly-4.pdf>]
<images/year_to_year_seasonality_trend.png, id=715, 1016.8389pt x 424.9476pt>
File: images/year_to_year_seasonality_trend.png Graphic file (type png)
<use images/year_to_year_seasonality_trend.png>
Package pdftex.def Info: images/year_to_year_seasonality_trend.png  used on input line 904.
(pdftex.def)             Requested size: 423.94588pt x 177.17345pt.
<images/average_monthly_demand.png, id=717, 1016.8389pt x 366.4089pt>
File: images/average_monthly_demand.png Graphic file (type png)
<use images/average_monthly_demand.png>
Package pdftex.def Info: images/average_monthly_demand.png  used on input line 916.
(pdftex.def)             Requested size: 423.94588pt x 152.7669pt.
<ZZSC9020_Group_Report_files/figure-latex/plot-demand-temperature-by-hour-1.pdf, id=718, 578.16pt x 216.81pt>
File: ZZSC9020_Group_Report_files/figure-latex/plot-demand-temperature-by-hour-1.pdf Graphic file (type pdf)
<use ZZSC9020_Group_Report_files/figure-latex/plot-demand-temperature-by-hour-1.pdf>
Package pdftex.def Info: ZZSC9020_Group_Report_files/figure-latex/plot-demand-temperature-by-hour-1.pdf  used on input line 927.
(pdftex.def)             Requested size: 423.94588pt x 158.97794pt.
<ZZSC9020_Group_Report_files/figure-latex/plot-demand-temperature-by-hour-2.pdf, id=719, 578.16pt x 216.81pt>
File: ZZSC9020_Group_Report_files/figure-latex/plot-demand-temperature-by-hour-2.pdf Graphic file (type pdf)
<use ZZSC9020_Group_Report_files/figure-latex/plot-demand-temperature-by-hour-2.pdf>
Package pdftex.def Info: ZZSC9020_Group_Report_files/figure-latex/plot-demand-temperature-by-hour-2.pdf  used on input line 930.
(pdftex.def)             Requested size: 423.94588pt x 158.97794pt.
[17
pdfTeX warning (ext4): destination with the same identifier (name{figure.4.8}) has been already used, duplicate ignored
<argument> ...shipout:D \box_use:N \l_shipout_box 
                                                  \__shipout_drop_firstpage_...
l.931 \end{figure}
                  
pdfTeX warning (ext4): destination with the same identifier (name{figure.4.9}) has been already used, duplicate ignored
<argument> ...shipout:D \box_use:N \l_shipout_box 
                                                  \__shipout_drop_firstpage_...
l.931 \end{figure}
                   <./images/year_to_year_seasonality_trend.png> <./images/average_monthly_demand.png>]
<ZZSC9020_Group_Report_files/figure-latex/plot-demand-vs-population-5.pdf, id=731, 578.16pt x 361.35pt>
File: ZZSC9020_Group_Report_files/figure-latex/plot-demand-vs-population-5.pdf Graphic file (type pdf)
<use ZZSC9020_Group_Report_files/figure-latex/plot-demand-vs-population-5.pdf>
Package pdftex.def Info: ZZSC9020_Group_Report_files/figure-latex/plot-demand-vs-population-5.pdf  used on input line 951.
(pdftex.def)             Requested size: 423.94588pt x 264.96326pt.
[18
pdfTeX warning (ext4): destination with the same identifier (name{figure.4.10}) has been already used, duplicate ignored
<argument> ...shipout:D \box_use:N \l_shipout_box 
                                                  \__shipout_drop_firstpage_...
l.953 
      
pdfTeX warning (ext4): destination with the same identifier (name{figure.4.11}) has been already used, duplicate ignored
<argument> ...shipout:D \box_use:N \l_shipout_box 
                                                  \__shipout_drop_firstpage_...
l.953 
       <./ZZSC9020_Group_Report_files/figure-latex/plot-demand-temperature-by-hour-1.pdf> <./ZZSC9020_Group_Report_files/figure-latex/plot-demand-temperature-by-hour-2.pdf>]
<images/correlation_between_total_energy_demand_and_energy_price.png, id=854, 523.2348pt x 284.0211pt>
File: images/correlation_between_total_energy_demand_and_energy_price.png Graphic file (type png)
<use images/correlation_between_total_energy_demand_and_energy_price.png>
Package pdftex.def Info: images/correlation_between_total_energy_demand_and_energy_price.png  used on input line 973.
(pdftex.def)             Requested size: 423.94588pt x 230.1295pt.
[19
pdfTeX warning (ext4): destination with the same identifier (name{figure.4.12}) has been already used, duplicate ignored
<argument> ...shipout:D \box_use:N \l_shipout_box 
                                                  \__shipout_drop_firstpage_...
l.975 
       <./ZZSC9020_Group_Report_files/figure-latex/plot-demand-vs-population-5.pdf>]
<ZZSC9020_Group_Report_files/figure-latex/plot-energy-demand-holiday-1.pdf, id=912, 433.62pt x 289.08pt>
File: ZZSC9020_Group_Report_files/figure-latex/plot-energy-demand-holiday-1.pdf Graphic file (type pdf)
<use ZZSC9020_Group_Report_files/figure-latex/plot-energy-demand-holiday-1.pdf>
Package pdftex.def Info: ZZSC9020_Group_Report_files/figure-latex/plot-energy-demand-holiday-1.pdf  used on input line 998.
(pdftex.def)             Requested size: 423.94588pt x 282.64363pt.
[20
pdfTeX warning (ext4): destination with the same identifier (name{figure.4.13}) has been already used, duplicate ignored
<argument> ...shipout:D \box_use:N \l_shipout_box 
                                                  \__shipout_drop_firstpage_...
l.1000 
        <./images/correlation_between_total_energy_demand_and_energy_price.png>] [21
pdfTeX warning (ext4): destination with the same identifier (name{figure.4.14}) has been already used, duplicate ignored
<argument> ...shipout:D \box_use:N \l_shipout_box 
                                                  \__shipout_drop_firstpage_...
l.1002 ... and Results}\label{s-analysis-results}}
                                                   <./ZZSC9020_Group_Report_files/figure-latex/plot-energy-demand-holiday-1.pdf>]
Chapter 5.
[22

]
<images/Actual_Demand_vs_Random_Forest_Prediction.png, id=969, 578.16pt x 289.08pt>
File: images/Actual_Demand_vs_Random_Forest_Prediction.png Graphic file (type png)
<use images/Actual_Demand_vs_Random_Forest_Prediction.png>
Package pdftex.def Info: images/Actual_Demand_vs_Random_Forest_Prediction.png  used on input line 1109.
(pdftex.def)             Requested size: 423.94588pt x 211.9706pt.
[23
pdfTeX warning (ext4): destination with the same identifier (name{figure.5.1}) has been already used, duplicate ignored
<argument> ...shipout:D \box_use:N \l_shipout_box 
                                                  \__shipout_drop_firstpage_...
l.1137 \end{longtable}
                       <./images/Actual_Demand_vs_Random_Forest_Prediction.png>]
<images/Actual_Demand_vs_Prophet_Prediction.png, id=977, 722.7pt x 289.08pt>
File: images/Actual_Demand_vs_Prophet_Prediction.png Graphic file (type png)
<use images/Actual_Demand_vs_Prophet_Prediction.png>
Package pdftex.def Info: images/Actual_Demand_vs_Prophet_Prediction.png  used on input line 1140.
(pdftex.def)             Requested size: 423.94588pt x 169.57648pt.
<images/5folds TimeSeriesSplit.png, id=978, 1005.2757pt x 826.7688pt>
File: images/5folds TimeSeriesSplit.png Graphic file (type png)
<use images/5folds TimeSeriesSplit.png>
Package pdftex.def Info: images/5folds TimeSeriesSplit.png  used on input line 1173.
(pdftex.def)             Requested size: 423.94588pt x 348.66608pt.
[24
pdfTeX warning (ext4): destination with the same identifier (name{figure.5.2}) has been already used, duplicate ignored
<argument> ...shipout:D \box_use:N \l_shipout_box 
                                                  \__shipout_drop_firstpage_...
l.1175 
        <./images/Actual_Demand_vs_Prophet_Prediction.png>] [25
pdfTeX warning (ext4): destination with the same identifier (name{figure.5.3}) has been already used, duplicate ignored
<argument> ...shipout:D \box_use:N \l_shipout_box 
                                                  \__shipout_drop_firstpage_...
l.1210 
        <./images/5folds TimeSeriesSplit.png>]
<images/Future_Forecast_One_Year.png, id=995, 704.6325pt x 244.9953pt>
File: images/Future_Forecast_One_Year.png Graphic file (type png)
<use images/Future_Forecast_One_Year.png>
Package pdftex.def Info: images/Future_Forecast_One_Year.png  used on input line 1226.
(pdftex.def)             Requested size: 423.94588pt x 147.40204pt.
[26
pdfTeX warning (ext4): destination with the same identifier (name{figure.5.4}) has been already used, duplicate ignored
<argument> ...shipout:D \box_use:N \l_shipout_box 
                                                  \__shipout_drop_firstpage_...
l.1230 \chapter{Discussion}\label{s-discussion}}
                                                 <./images/Future_Forecast_One_Year.png>]
Chapter 6.
<images/Feature_Importance.png, id=1004, 874.467pt x 542.025pt>
File: images/Feature_Importance.png Graphic file (type png)
<use images/Feature_Importance.png>
Package pdftex.def Info: images/Feature_Importance.png  used on input line 1253.
(pdftex.def)             Requested size: 423.94588pt x 262.78255pt.
[27

] [28
pdfTeX warning (ext4): destination with the same identifier (name{figure.6.1}) has been already used, duplicate ignored
<argument> ...shipout:D \box_use:N \l_shipout_box 
                                                  \__shipout_drop_firstpage_...
l.1268 ...and Further Issues}\label{s-conclusion}}
                                                   <./images/Feature_Importance.png>]
Chapter 7.
[29

] [30]
Overfull \hbox (2.45805pt too wide) in paragraph at lines 1377--1382
[]\OT1/cmr/m/n/12 Minister for Plan-ning and Pub-lic Spaces (2023) `Anal-y-sis and Fore-cast-ing of Monthly
 []

[31

]
LaTeX Font Info:    Trying to load font information for OMS+cmr on input line 1425.
(c:/Users/Pam/AppData/Roaming/TinyTeX/texmf-dist/tex/latex/base/omscmr.fd
File: omscmr.fd 2023/04/13 v2.5m Standard LaTeX font definitions
)
LaTeX Font Info:    Font shape `OMS/cmr/m/it' in size <12> not available
(Font)              Font shape `OMS/cmsy/m/n' tried instead on input line 1425.
No file ZZSC9020_Group_Report.bbl.
[32] [33

] (./ZZSC9020_Group_Report.aux)
 ***********
LaTeX2e <2023-06-01> patch level 1
L3 programming layer <2023-08-29>
 ***********

LaTeX Warning: There were undefined references.


LaTeX Warning: There were multiply-defined labels.

Package rerunfilecheck Info: File `ZZSC9020_Group_Report.out' has not changed.
(rerunfilecheck)             Checksum: C255BF0736123EEF3E2985DEAE2B8859;9149.
 ) 
Here is how much of TeX's memory you used:
 10631 strings out of 476893
 174835 string characters out of 5807682
 1951785 words of memory out of 5000000
 31564 multiletter control sequences out of 15000+600000
 566392 words of font info for 68 fonts, out of 8000000 for 9000
 16 hyphenation exceptions out of 8191
 80i,6n,82p,558b,529s stack positions out of 10000i,1000n,20000p,200000b,200000s
 <c:/Users/Pam/AppData/Roaming/TinyTeX/texmf-var/fonts/pk/ljfour/jknappen/ec/tcrm1200.600pk><c:/Users/Pam/AppData/Roaming/TinyTeX/texmf-dist/fonts/type1/public/amsfonts/cm/cmbx12.pfb><c:/Users/Pam/AppData/Roaming/TinyTeX/texmf-dist/fonts/type1/public/amsfonts/cm/cmcsc10.pfb><c:/Users/Pam/AppData/Roaming/TinyTeX/texmf-dist/fonts/type1/public/amsfonts/cm/cmex10.pfb><c:/Users/Pam/AppData/Roaming/TinyTeX/texmf-dist/fonts/type1/public/amsfonts/cm/cmmi12.pfb><c:/Users/Pam/AppData/Roaming/TinyTeX/texmf-dist/fonts/type1/public/amsfonts/cm/cmmi8.pfb><c:/Users/Pam/AppData/Roaming/TinyTeX/texmf-dist/fonts/type1/public/amsfonts/cm/cmr12.pfb><c:/Users/Pam/AppData/Roaming/TinyTeX/texmf-dist/fonts/type1/public/amsfonts/cm/cmr17.pfb><c:/Users/Pam/AppData/Roaming/TinyTeX/texmf-dist/fonts/type1/public/amsfonts/cm/cmr8.pfb><c:/Users/Pam/AppData/Roaming/TinyTeX/texmf-dist/fonts/type1/public/amsfonts/cm/cmsy10.pfb><c:/Users/Pam/AppData/Roaming/TinyTeX/texmf-dist/fonts/type1/public/amsfonts/cm/cmti12.pfb><c:/Users/Pam/AppData/Roaming/TinyTeX/texmf-dist/fonts/type1/public/amsfonts/cm/cmtt12.pfb>
Output written on ZZSC9020_Group_Report.pdf (40 pages, 3053355 bytes).
PDF statistics:
 1220 PDF objects out of 1440 (max. 8388607)
 714 compressed objects within 8 object streams
 198 named destinations out of 1000 (max. 500000)
 525 words of extra memory for PDF output out of 10000 (max. 10000000)

